# JRE version: Java(TM) SE Runtime Environment 18.9 (11.0.14+8) (build 11.0.14+8-LTS-263)
# Java VM: Java HotSpot(TM) 64-Bit Server VM 18.9 (11.0.14+8-LTS-263, mixed mode, tiered, compressed oops, g1 gc, windows-amd64)
Heap:
 garbage-first heap   total 260096K, used 47799K [0x0000000700000000, 0x0000000800000000)
  region size 1024K, 30 young (30720K), 2 survivors (2048K)
 Metaspace       used 27084K, capacity 27819K, committed 27904K, reserved 1064960K
  class space    used 3592K, capacity 3839K, committed 3840K, reserved 1040384K
GC Heap History (6 events):
Event: 0.706 GC heap before
{Heap before GC invocations=0 (full 0):
 garbage-first heap   total 260096K, used 27648K [0x0000000700000000, 0x0000000800000000)
  region size 1024K, 24 young (24576K), 0 survivors (0K)
 Metaspace       used 9591K, capacity 9827K, committed 10112K, reserved 1050624K
  class space    used 1002K, capacity 1069K, committed 1152K, reserved 1040384K
}
Event: 0.710 GC heap after
{Heap after GC invocations=1 (full 0):
 garbage-first heap   total 260096K, used 10744K [0x0000000700000000, 0x0000000800000000)
  region size 1024K, 3 young (3072K), 3 survivors (3072K)
 Metaspace       used 9591K, capacity 9827K, committed 10112K, reserved 1050624K
  class space    used 1002K, capacity 1069K, committed 1152K, reserved 1040384K
}
Event: 3.805 GC heap before
{Heap before GC invocations=1 (full 0):
 garbage-first heap   total 260096K, used 102904K [0x0000000700000000, 0x0000000800000000)
  region size 1024K, 94 young (96256K), 3 survivors (3072K)
 Metaspace       used 20629K, capacity 21091K, committed 21248K, reserved 1058816K
  class space    used 2514K, capacity 2699K, committed 2816K, reserved 1040384K
}
Event: 3.812 GC heap after
{Heap after GC invocations=2 (full 0):
 garbage-first heap   total 260096K, used 18461K [0x0000000700000000, 0x0000000800000000)
  region size 1024K, 11 young (11264K), 11 survivors (11264K)
 Metaspace       used 20629K, capacity 21091K, committed 21248K, reserved 1058816K
  class space    used 2514K, capacity 2699K, committed 2816K, reserved 1040384K
}
Event: 4.170 GC heap before
{Heap before GC invocations=3 (full 0):
 garbage-first heap   total 260096K, used 60445K [0x0000000700000000, 0x0000000800000000)
  region size 1024K, 52 young (53248K), 11 survivors (11264K)
 Metaspace       used 24158K, capacity 24859K, committed 24960K, reserved 1062912K
  class space    used 3114K, capacity 3358K, committed 3456K, reserved 1040384K
}
Event: 4.177 GC heap after
{Heap after GC invocations=4 (full 0):
 garbage-first heap   total 260096K, used 20151K [0x0000000700000000, 0x0000000800000000)
  region size 1024K, 2 young (2048K), 2 survivors (2048K)
 Metaspace       used 24158K, capacity 24859K, committed 24960K, reserved 1062912K
  class space    used 3114K, capacity 3358K, committed 3456K, reserved 1040384K
}

