# JRE version: Java(TM) SE Runtime Environment 18.9 (11.0.14+8) (build 11.0.14+8-LTS-263)
# Java VM: Java HotSpot(TM) 64-Bit Server VM 18.9 (11.0.14+8-LTS-263, mixed mode, tiered, compressed oops, g1 gc, windows-amd64)
Heap:
 garbage-first heap   total 260096K, used 26073K [0x0000000080000000, 0x0000000100000000)
  region size 1024K, 9 young (9216K), 3 survivors (3072K)
 Metaspace       used 26420K, capacity 27059K, committed 27184K, reserved 542720K
  class space    used 3482K, capacity 3709K, committed 3712K, reserved 516096K
GC Heap History (6 events):
Event: 0.533 GC heap before
{Heap before GC invocations=0 (full 0):
 garbage-first heap   total 260096K, used 27648K [0x0000000080000000, 0x0000000100000000)
  region size 1024K, 24 young (24576K), 0 survivors (0K)
 Metaspace       used 9604K, capacity 9827K, committed 10112K, reserved 526336K
  class space    used 1002K, capacity 1069K, committed 1152K, reserved 516096K
}
Event: 0.537 GC heap after
{Heap after GC invocations=1 (full 0):
 garbage-first heap   total 260096K, used 10428K [0x0000000080000000, 0x0000000100000000)
  region size 1024K, 3 young (3072K), 3 survivors (3072K)
 Metaspace       used 9604K, capacity 9827K, committed 10112K, reserved 526336K
  class space    used 1002K, capacity 1069K, committed 1152K, reserved 516096K
}
Event: 3.011 GC heap before
{Heap before GC invocations=1 (full 0):
 garbage-first heap   total 260096K, used 102588K [0x0000000080000000, 0x0000000100000000)
  region size 1024K, 94 young (96256K), 3 survivors (3072K)
 Metaspace       used 20643K, capacity 21123K, committed 21296K, reserved 536576K
  class space    used 2513K, capacity 2667K, committed 2688K, reserved 516096K
}
Event: 3.017 GC heap after
{Heap after GC invocations=2 (full 0):
 garbage-first heap   total 260096K, used 18090K [0x0000000080000000, 0x0000000100000000)
  region size 1024K, 11 young (11264K), 11 survivors (11264K)
 Metaspace       used 20643K, capacity 21123K, committed 21296K, reserved 536576K
  class space    used 2513K, capacity 2667K, committed 2688K, reserved 516096K
}
Event: 3.584 GC heap before
{Heap before GC invocations=3 (full 0):
 garbage-first heap   total 260096K, used 77482K [0x0000000080000000, 0x0000000100000000)
  region size 1024K, 69 young (70656K), 11 survivors (11264K)
 Metaspace       used 25638K, capacity 26228K, committed 26416K, reserved 540672K
  class space    used 3353K, capacity 3601K, committed 3712K, reserved 516096K
}
Event: 3.591 GC heap after
{Heap after GC invocations=4 (full 0):
 garbage-first heap   total 260096K, used 20953K [0x0000000080000000, 0x0000000100000000)
  region size 1024K, 3 young (3072K), 3 survivors (3072K)
 Metaspace       used 25638K, capacity 26228K, committed 26416K, reserved 540672K
  class space    used 3353K, capacity 3601K, committed 3712K, reserved 516096K
}

