# JRE version: Java(TM) SE Runtime Environment 18.9 (11.0.14+8) (build 11.0.14+8-LTS-263)
# Java VM: Java HotSpot(TM) 64-Bit Server VM 18.9 (11.0.14+8-LTS-263, mixed mode, tiered, compressed oops, g1 gc, windows-amd64)
Heap:
 garbage-first heap   total 260096K, used 113883K [0x0000000080000000, 0x0000000100000000)
  region size 1024K, 58 young (59392K), 19 survivors (19456K)
 Metaspace       used 80090K, capacity 82668K, committed 82940K, reserved 587776K
  class space    used 10556K, capacity 11606K, committed 11648K, reserved 516096K
GC Heap History (10 events):
Event: 7.877 GC heap before
{Heap before GC invocations=6 (full 0):
 garbage-first heap   total 260096K, used 142263K [0x0000000080000000, 0x0000000100000000)
  region size 1024K, 119 young (121856K), 6 survivors (6144K)
 Metaspace       used 44282K, capacity 45522K, committed 45820K, reserved 557056K
  class space    used 5668K, capacity 6168K, committed 6272K, reserved 516096K
}
Event: 7.886 GC heap after
{Heap after GC invocations=7 (full 0):
 garbage-first heap   total 260096K, used 33153K [0x0000000080000000, 0x0000000100000000)
  region size 1024K, 15 young (15360K), 15 survivors (15360K)
 Metaspace       used 44282K, capacity 45522K, committed 45820K, reserved 557056K
  class space    used 5668K, capacity 6168K, committed 6272K, reserved 516096K
}
Event: 9.181 GC heap before
{Heap before GC invocations=7 (full 0):
 garbage-first heap   total 260096K, used 169345K [0x0000000080000000, 0x0000000100000000)
  region size 1024K, 142 young (145408K), 15 survivors (15360K)
 Metaspace       used 55035K, capacity 56592K, committed 56700K, reserved 565248K
  class space    used 7227K, capacity 7873K, committed 7936K, reserved 516096K
}
Event: 9.194 GC heap after
{Heap after GC invocations=8 (full 0):
 garbage-first heap   total 260096K, used 46591K [0x0000000080000000, 0x0000000100000000)
  region size 1024K, 8 young (8192K), 8 survivors (8192K)
 Metaspace       used 55035K, capacity 56592K, committed 56700K, reserved 565248K
  class space    used 7227K, capacity 7873K, committed 7936K, reserved 516096K
}
Event: 9.615 GC heap before
{Heap before GC invocations=8 (full 0):
 garbage-first heap   total 260096K, used 85503K [0x0000000080000000, 0x0000000100000000)
  region size 1024K, 47 young (48128K), 8 survivors (8192K)
 Metaspace       used 58031K, capacity 59735K, committed 59900K, reserved 569344K
  class space    used 7676K, capacity 8458K, committed 8576K, reserved 516096K
}
Event: 9.620 GC heap after
{Heap after GC invocations=9 (full 0):
 garbage-first heap   total 260096K, used 47378K [0x0000000080000000, 0x0000000100000000)
  region size 1024K, 9 young (9216K), 9 survivors (9216K)
 Metaspace       used 58031K, capacity 59735K, committed 59900K, reserved 569344K
  class space    used 7676K, capacity 8458K, committed 8576K, reserved 516096K
}
Event: 10.753 GC heap before
{Heap before GC invocations=10 (full 0):
 garbage-first heap   total 260096K, used 181522K [0x0000000080000000, 0x0000000100000000)
  region size 1024K, 141 young (144384K), 9 survivors (9216K)
 Metaspace       used 67067K, capacity 69149K, committed 69372K, reserved 577536K
  class space    used 8933K, capacity 9784K, committed 9856K, reserved 516096K
}
Event: 10.767 GC heap after
{Heap after GC invocations=11 (full 0):
 garbage-first heap   total 260096K, used 53291K [0x0000000080000000, 0x0000000100000000)
  region size 1024K, 15 young (15360K), 15 survivors (15360K)
 Metaspace       used 67067K, capacity 69149K, committed 69372K, reserved 577536K
  class space    used 8933K, capacity 9784K, committed 9856K, reserved 516096K
}
Event: 12.605 GC heap before
{Heap before GC invocations=12 (full 0):
 garbage-first heap   total 260096K, used 191531K [0x0000000080000000, 0x0000000100000000)
  region size 1024K, 149 young (152576K), 15 survivors (15360K)
 Metaspace       used 76482K, capacity 79034K, committed 79228K, reserved 585728K
  class space    used 10114K, capacity 11144K, committed 11264K, reserved 516096K
}
Event: 12.640 GC heap after
{Heap after GC invocations=13 (full 0):
 garbage-first heap   total 260096K, used 66779K [0x0000000080000000, 0x0000000100000000)
  region size 1024K, 19 young (19456K), 19 survivors (19456K)
 Metaspace       used 76482K, capacity 79034K, committed 79228K, reserved 585728K
  class space    used 10114K, capacity 11144K, committed 11264K, reserved 516096K
}

