# JRE version: OpenJDK Runtime Environment Temurin-17.0.12+7 (17.0.12+7) (build 17.0.12+7)
# Java VM: OpenJDK 64-Bit Server VM Temurin-17.0.12+7 (17.0.12+7, mixed mode, tiered, compressed oops, compressed class ptrs, parallel gc, windows-amd64)
GC Precious Log:
 CPUs: 8 total, 8 available
 Memory: 16151M
 Large Page Support: Disabled
 NUMA Support: Disabled
 Compressed Oops: Enabled (32-bit)
 Alignments: Space 512K, Generation 512K, Heap 2M
 Heap Min Capacity: 100M
 Heap Initial Capacity: 100M
 Heap Max Capacity: 1G
 Pre-touch: Disabled
 Parallel Workers: 8
Heap:
 PSYoungGen      total 20480K, used 19858K [0x00000000eab00000, 0x00000000ec400000, 0x0000000100000000)
  eden space 19968K, 97% used [0x00000000eab00000,0x00000000ebdf4918,0x00000000ebe80000)
  from space 512K, 87% used [0x00000000ec300000,0x00000000ec370000,0x00000000ec380000)
  to   space 512K, 0% used [0x00000000ec380000,0x00000000ec380000,0x00000000ec400000)
 ParOldGen       total 68608K, used 37056K [0x00000000c0000000, 0x00000000c4300000, 0x00000000eab00000)
  object space 68608K, 54% used [0x00000000c0000000,0x00000000c24301c8,0x00000000c4300000)
 Metaspace       used 63875K, committed 64960K, reserved 1114112K
  class space    used 7419K, committed 7872K, reserved 1048576K
GC Heap History (20 events):
Event: 6.938 GC heap before
{Heap before GC invocations=23 (full 2):
 PSYoungGen      total 22016K, used 21987K [0x00000000eab00000, 0x00000000ec500000, 0x0000000100000000)
  eden space 19968K, 100% used [0x00000000eab00000,0x00000000ebe80000,0x00000000ebe80000)
  from space 2048K, 98% used [0x00000000ec180000,0x00000000ec378f98,0x00000000ec380000)
  to   space 3072K, 0% used [0x00000000ebe80000,0x00000000ebe80000,0x00000000ec180000)
 ParOldGen       total 68608K, used 23997K [0x00000000c0000000, 0x00000000c4300000, 0x00000000eab00000)
  object space 68608K, 34% used [0x00000000c0000000,0x00000000c176f500,0x00000000c4300000)
 Metaspace       used 54952K, committed 56000K, reserved 1114112K
  class space    used 6145K, committed 6592K, reserved 1048576K
}
Event: 6.941 GC heap after
{Heap after GC invocations=23 (full 2):
 PSYoungGen      total 23040K, used 3039K [0x00000000eab00000, 0x00000000ec580000, 0x0000000100000000)
  eden space 19968K, 0% used [0x00000000eab00000,0x00000000eab00000,0x00000000ebe80000)
  from space 3072K, 98% used [0x00000000ebe80000,0x00000000ec177d08,0x00000000ec180000)
  to   space 3584K, 0% used [0x00000000ec200000,0x00000000ec200000,0x00000000ec580000)
 ParOldGen       total 68608K, used 29064K [0x00000000c0000000, 0x00000000c4300000, 0x00000000eab00000)
  object space 68608K, 42% used [0x00000000c0000000,0x00000000c1c62068,0x00000000c4300000)
 Metaspace       used 54952K, committed 56000K, reserved 1114112K
  class space    used 6145K, committed 6592K, reserved 1048576K
}
Event: 7.162 GC heap before
{Heap before GC invocations=24 (full 2):
 PSYoungGen      total 23040K, used 23007K [0x00000000eab00000, 0x00000000ec580000, 0x0000000100000000)
  eden space 19968K, 100% used [0x00000000eab00000,0x00000000ebe80000,0x00000000ebe80000)
  from space 3072K, 98% used [0x00000000ebe80000,0x00000000ec177d08,0x00000000ec180000)
  to   space 3584K, 0% used [0x00000000ec200000,0x00000000ec200000,0x00000000ec580000)
 ParOldGen       total 68608K, used 29064K [0x00000000c0000000, 0x00000000c4300000, 0x00000000eab00000)
  object space 68608K, 42% used [0x00000000c0000000,0x00000000c1c62068,0x00000000c4300000)
 Metaspace       used 55654K, committed 56640K, reserved 1114112K
  class space    used 6238K, committed 6656K, reserved 1048576K
}
Event: 7.163 GC heap after
{Heap after GC invocations=24 (full 2):
 PSYoungGen      total 20992K, used 672K [0x00000000eab00000, 0x00000000ec300000, 0x0000000100000000)
  eden space 19968K, 0% used [0x00000000eab00000,0x00000000eab00000,0x00000000ebe80000)
  from space 1024K, 65% used [0x00000000ec200000,0x00000000ec2a8000,0x00000000ec300000)
  to   space 2048K, 0% used [0x00000000ebf00000,0x00000000ebf00000,0x00000000ec100000)
 ParOldGen       total 68608K, used 31911K [0x00000000c0000000, 0x00000000c4300000, 0x00000000eab00000)
  object space 68608K, 46% used [0x00000000c0000000,0x00000000c1f29c78,0x00000000c4300000)
 Metaspace       used 55654K, committed 56640K, reserved 1114112K
  class space    used 6238K, committed 6656K, reserved 1048576K
}
Event: 7.291 GC heap before
{Heap before GC invocations=25 (full 2):
 PSYoungGen      total 20992K, used 20640K [0x00000000eab00000, 0x00000000ec300000, 0x0000000100000000)
  eden space 19968K, 100% used [0x00000000eab00000,0x00000000ebe80000,0x00000000ebe80000)
  from space 1024K, 65% used [0x00000000ec200000,0x00000000ec2a8000,0x00000000ec300000)
  to   space 2048K, 0% used [0x00000000ebf00000,0x00000000ebf00000,0x00000000ec100000)
 ParOldGen       total 68608K, used 31911K [0x00000000c0000000, 0x00000000c4300000, 0x00000000eab00000)
  object space 68608K, 46% used [0x00000000c0000000,0x00000000c1f29c78,0x00000000c4300000)
 Metaspace       used 55710K, committed 56832K, reserved 1114112K
  class space    used 6244K, committed 6720K, reserved 1048576K
}
Event: 7.292 GC heap after
{Heap after GC invocations=25 (full 2):
 PSYoungGen      total 22016K, used 2045K [0x00000000eab00000, 0x00000000ec980000, 0x0000000100000000)
  eden space 19968K, 0% used [0x00000000eab00000,0x00000000eab00000,0x00000000ebe80000)
  from space 2048K, 99% used [0x00000000ebf00000,0x00000000ec0ff690,0x00000000ec100000)
  to   space 5632K, 0% used [0x00000000ec400000,0x00000000ec400000,0x00000000ec980000)
 ParOldGen       total 68608K, used 34360K [0x00000000c0000000, 0x00000000c4300000, 0x00000000eab00000)
  object space 68608K, 50% used [0x00000000c0000000,0x00000000c218e070,0x00000000c4300000)
 Metaspace       used 55710K, committed 56832K, reserved 1114112K
  class space    used 6244K, committed 6720K, reserved 1048576K
}
Event: 7.458 GC heap before
{Heap before GC invocations=26 (full 2):
 PSYoungGen      total 22016K, used 22013K [0x00000000eab00000, 0x00000000ec980000, 0x0000000100000000)
  eden space 19968K, 100% used [0x00000000eab00000,0x00000000ebe80000,0x00000000ebe80000)
  from space 2048K, 99% used [0x00000000ebf00000,0x00000000ec0ff690,0x00000000ec100000)
  to   space 5632K, 0% used [0x00000000ec400000,0x00000000ec400000,0x00000000ec980000)
 ParOldGen       total 68608K, used 34360K [0x00000000c0000000, 0x00000000c4300000, 0x00000000eab00000)
  object space 68608K, 50% used [0x00000000c0000000,0x00000000c218e070,0x00000000c4300000)
 Metaspace       used 57367K, committed 58368K, reserved 1114112K
  class space    used 6556K, committed 6976K, reserved 1048576K
}
Event: 7.460 GC heap after
{Heap after GC invocations=26 (full 2):
 PSYoungGen      total 20992K, used 784K [0x00000000eab00000, 0x00000000ec500000, 0x0000000100000000)
  eden space 19968K, 0% used [0x00000000eab00000,0x00000000eab00000,0x00000000ebe80000)
  from space 1024K, 76% used [0x00000000ec400000,0x00000000ec4c4010,0x00000000ec500000)
  to   space 2560K, 0% used [0x00000000ec000000,0x00000000ec000000,0x00000000ec280000)
 ParOldGen       total 68608K, used 36374K [0x00000000c0000000, 0x00000000c4300000, 0x00000000eab00000)
  object space 68608K, 53% used [0x00000000c0000000,0x00000000c2385960,0x00000000c4300000)
 Metaspace       used 57367K, committed 58368K, reserved 1114112K
  class space    used 6556K, committed 6976K, reserved 1048576K
}
Event: 7.580 GC heap before
{Heap before GC invocations=27 (full 2):
 PSYoungGen      total 20992K, used 15433K [0x00000000eab00000, 0x00000000ec500000, 0x0000000100000000)
  eden space 19968K, 73% used [0x00000000eab00000,0x00000000eb94e6c8,0x00000000ebe80000)
  from space 1024K, 76% used [0x00000000ec400000,0x00000000ec4c4010,0x00000000ec500000)
  to   space 2560K, 0% used [0x00000000ec000000,0x00000000ec000000,0x00000000ec280000)
 ParOldGen       total 68608K, used 36374K [0x00000000c0000000, 0x00000000c4300000, 0x00000000eab00000)
  object space 68608K, 53% used [0x00000000c0000000,0x00000000c2385960,0x00000000c4300000)
 Metaspace       used 58814K, committed 59776K, reserved 1114112K
  class space    used 6811K, committed 7232K, reserved 1048576K
}
Event: 7.581 GC heap after
{Heap after GC invocations=27 (full 2):
 PSYoungGen      total 22528K, used 480K [0x00000000eab00000, 0x00000000ec480000, 0x0000000100000000)
  eden space 19968K, 0% used [0x00000000eab00000,0x00000000eab00000,0x00000000ebe80000)
  from space 2560K, 18% used [0x00000000ec000000,0x00000000ec078000,0x00000000ec280000)
  to   space 1024K, 0% used [0x00000000ec380000,0x00000000ec380000,0x00000000ec480000)
 ParOldGen       total 68608K, used 37022K [0x00000000c0000000, 0x00000000c4300000, 0x00000000eab00000)
  object space 68608K, 53% used [0x00000000c0000000,0x00000000c24279b0,0x00000000c4300000)
 Metaspace       used 58814K, committed 59776K, reserved 1114112K
  class space    used 6811K, committed 7232K, reserved 1048576K
}
Event: 7.581 GC heap before
{Heap before GC invocations=28 (full 3):
 PSYoungGen      total 22528K, used 480K [0x00000000eab00000, 0x00000000ec480000, 0x0000000100000000)
  eden space 19968K, 0% used [0x00000000eab00000,0x00000000eab00000,0x00000000ebe80000)
  from space 2560K, 18% used [0x00000000ec000000,0x00000000ec078000,0x00000000ec280000)
  to   space 1024K, 0% used [0x00000000ec380000,0x00000000ec380000,0x00000000ec480000)
 ParOldGen       total 68608K, used 37022K [0x00000000c0000000, 0x00000000c4300000, 0x00000000eab00000)
  object space 68608K, 53% used [0x00000000c0000000,0x00000000c24279b0,0x00000000c4300000)
 Metaspace       used 58814K, committed 59776K, reserved 1114112K
  class space    used 6811K, committed 7232K, reserved 1048576K
}
Event: 7.619 GC heap after
{Heap after GC invocations=28 (full 3):
 PSYoungGen      total 22528K, used 0K [0x00000000eab00000, 0x00000000ec480000, 0x0000000100000000)
  eden space 19968K, 0% used [0x00000000eab00000,0x00000000eab00000,0x00000000ebe80000)
  from space 2560K, 0% used [0x00000000ec000000,0x00000000ec000000,0x00000000ec280000)
  to   space 1024K, 0% used [0x00000000ec380000,0x00000000ec380000,0x00000000ec480000)
 ParOldGen       total 68608K, used 35627K [0x00000000c0000000, 0x00000000c4300000, 0x00000000eab00000)
  object space 68608K, 51% used [0x00000000c0000000,0x00000000c22cad20,0x00000000c4300000)
 Metaspace       used 58814K, committed 59776K, reserved 1114112K
  class space    used 6811K, committed 7232K, reserved 1048576K
}
Event: 8.350 GC heap before
{Heap before GC invocations=29 (full 3):
 PSYoungGen      total 22528K, used 19968K [0x00000000eab00000, 0x00000000ec480000, 0x0000000100000000)
  eden space 19968K, 100% used [0x00000000eab00000,0x00000000ebe80000,0x00000000ebe80000)
  from space 2560K, 0% used [0x00000000ec000000,0x00000000ec000000,0x00000000ec280000)
  to   space 1024K, 0% used [0x00000000ec380000,0x00000000ec380000,0x00000000ec480000)
 ParOldGen       total 68608K, used 35627K [0x00000000c0000000, 0x00000000c4300000, 0x00000000eab00000)
  object space 68608K, 51% used [0x00000000c0000000,0x00000000c22cad20,0x00000000c4300000)
 Metaspace       used 60787K, committed 61824K, reserved 1114112K
  class space    used 7066K, committed 7488K, reserved 1048576K
}
Event: 8.351 GC heap after
{Heap after GC invocations=29 (full 3):
 PSYoungGen      total 20992K, used 864K [0x00000000eab00000, 0x00000000ec480000, 0x0000000100000000)
  eden space 19968K, 0% used [0x00000000eab00000,0x00000000eab00000,0x00000000ebe80000)
  from space 1024K, 84% used [0x00000000ec380000,0x00000000ec458000,0x00000000ec480000)
  to   space 1024K, 0% used [0x00000000ec280000,0x00000000ec280000,0x00000000ec380000)
 ParOldGen       total 68608K, used 35635K [0x00000000c0000000, 0x00000000c4300000, 0x00000000eab00000)
  object space 68608K, 51% used [0x00000000c0000000,0x00000000c22ccd20,0x00000000c4300000)
 Metaspace       used 60787K, committed 61824K, reserved 1114112K
  class space    used 7066K, committed 7488K, reserved 1048576K
}
Event: 15.452 GC heap before
{Heap before GC invocations=30 (full 3):
 PSYoungGen      total 20992K, used 20832K [0x00000000eab00000, 0x00000000ec480000, 0x0000000100000000)
  eden space 19968K, 100% used [0x00000000eab00000,0x00000000ebe80000,0x00000000ebe80000)
  from space 1024K, 84% used [0x00000000ec380000,0x00000000ec458000,0x00000000ec480000)
  to   space 1024K, 0% used [0x00000000ec280000,0x00000000ec280000,0x00000000ec380000)
 ParOldGen       total 68608K, used 35635K [0x00000000c0000000, 0x00000000c4300000, 0x00000000eab00000)
  object space 68608K, 51% used [0x00000000c0000000,0x00000000c22ccd20,0x00000000c4300000)
 Metaspace       used 62386K, committed 63488K, reserved 1114112K
  class space    used 7256K, committed 7744K, reserved 1048576K
}
Event: 15.454 GC heap after
{Heap after GC invocations=30 (full 3):
 PSYoungGen      total 20992K, used 864K [0x00000000eab00000, 0x00000000ec400000, 0x0000000100000000)
  eden space 19968K, 0% used [0x00000000eab00000,0x00000000eab00000,0x00000000ebe80000)
  from space 1024K, 84% used [0x00000000ec280000,0x00000000ec358000,0x00000000ec380000)
  to   space 512K, 0% used [0x00000000ec380000,0x00000000ec380000,0x00000000ec400000)
 ParOldGen       total 68608K, used 36292K [0x00000000c0000000, 0x00000000c4300000, 0x00000000eab00000)
  object space 68608K, 52% used [0x00000000c0000000,0x00000000c23711b8,0x00000000c4300000)
 Metaspace       used 62386K, committed 63488K, reserved 1114112K
  class space    used 7256K, committed 7744K, reserved 1048576K
}
Event: 15.767 GC heap before
{Heap before GC invocations=31 (full 3):
 PSYoungGen      total 20992K, used 20832K [0x00000000eab00000, 0x00000000ec400000, 0x0000000100000000)
  eden space 19968K, 100% used [0x00000000eab00000,0x00000000ebe80000,0x00000000ebe80000)
  from space 1024K, 84% used [0x00000000ec280000,0x00000000ec358000,0x00000000ec380000)
  to   space 512K, 0% used [0x00000000ec380000,0x00000000ec380000,0x00000000ec400000)
 ParOldGen       total 68608K, used 36292K [0x00000000c0000000, 0x00000000c4300000, 0x00000000eab00000)
  object space 68608K, 52% used [0x00000000c0000000,0x00000000c23711b8,0x00000000c4300000)
 Metaspace       used 62389K, committed 63488K, reserved 1114112K
  class space    used 7257K, committed 7744K, reserved 1048576K
}
Event: 15.768 GC heap after
{Heap after GC invocations=31 (full 3):
 PSYoungGen      total 20480K, used 224K [0x00000000eab00000, 0x00000000ec400000, 0x0000000100000000)
  eden space 19968K, 0% used [0x00000000eab00000,0x00000000eab00000,0x00000000ebe80000)
  from space 512K, 43% used [0x00000000ec380000,0x00000000ec3b8000,0x00000000ec400000)
  to   space 512K, 0% used [0x00000000ec300000,0x00000000ec300000,0x00000000ec380000)
 ParOldGen       total 68608K, used 37024K [0x00000000c0000000, 0x00000000c4300000, 0x00000000eab00000)
  object space 68608K, 53% used [0x00000000c0000000,0x00000000c24281c8,0x00000000c4300000)
 Metaspace       used 62389K, committed 63488K, reserved 1114112K
  class space    used 7257K, committed 7744K, reserved 1048576K
}
Event: 16.066 GC heap before
{Heap before GC invocations=32 (full 3):
 PSYoungGen      total 20480K, used 20192K [0x00000000eab00000, 0x00000000ec400000, 0x0000000100000000)
  eden space 19968K, 100% used [0x00000000eab00000,0x00000000ebe80000,0x00000000ebe80000)
  from space 512K, 43% used [0x00000000ec380000,0x00000000ec3b8000,0x00000000ec400000)
  to   space 512K, 0% used [0x00000000ec300000,0x00000000ec300000,0x00000000ec380000)
 ParOldGen       total 68608K, used 37024K [0x00000000c0000000, 0x00000000c4300000, 0x00000000eab00000)
  object space 68608K, 53% used [0x00000000c0000000,0x00000000c24281c8,0x00000000c4300000)
 Metaspace       used 63019K, committed 64128K, reserved 1114112K
  class space    used 7322K, committed 7808K, reserved 1048576K
}
Event: 16.068 GC heap after
{Heap after GC invocations=32 (full 3):
 PSYoungGen      total 20480K, used 448K [0x00000000eab00000, 0x00000000ec400000, 0x0000000100000000)
  eden space 19968K, 0% used [0x00000000eab00000,0x00000000eab00000,0x00000000ebe80000)
  from space 512K, 87% used [0x00000000ec300000,0x00000000ec370000,0x00000000ec380000)
  to   space 512K, 0% used [0x00000000ec380000,0x00000000ec380000,0x00000000ec400000)
 ParOldGen       total 68608K, used 37056K [0x00000000c0000000, 0x00000000c4300000, 0x00000000eab00000)
  object space 68608K, 54% used [0x00000000c0000000,0x00000000c24301c8,0x00000000c4300000)
 Metaspace       used 63019K, committed 64128K, reserved 1114112K
  class space    used 7322K, committed 7808K, reserved 1048576K
}

