# JRE version: Java(TM) SE Runtime Environment 18.9 (11.0.14+8) (build 11.0.14+8-LTS-263)
# Java VM: Java HotSpot(TM) 64-Bit Server VM 18.9 (11.0.14+8-LTS-263, mixed mode, tiered, compressed oops, g1 gc, windows-amd64)
Heap:
 garbage-first heap   total 260096K, used 225716K [0x0000000080000000, 0x0000000100000000)
  region size 1024K, 14 young (14336K), 3 survivors (3072K)
 Metaspace       used 146800K, capacity 152235K, committed 152520K, reserved 647168K
  class space    used 19450K, capacity 21505K, committed 21632K, reserved 516096K
GC Heap History (10 events):
Event: 2256.204 GC heap before
{Heap before GC invocations=51 (full 0):
 garbage-first heap   total 260096K, used 226883K [0x0000000080000000, 0x0000000100000000)
  region size 1024K, 23 young (23552K), 3 survivors (3072K)
 Metaspace       used 142894K, capacity 148126K, committed 148296K, reserved 645120K
  class space    used 18972K, capacity 20947K, committed 20992K, reserved 516096K
}
Event: 2256.208 GC heap after
{Heap after GC invocations=52 (full 0):
 garbage-first heap   total 260096K, used 208458K [0x0000000080000000, 0x0000000100000000)
  region size 1024K, 3 young (3072K), 3 survivors (3072K)
 Metaspace       used 142894K, capacity 148126K, committed 148296K, reserved 645120K
  class space    used 18972K, capacity 20947K, committed 20992K, reserved 516096K
}
Event: 2256.630 GC heap before
{Heap before GC invocations=52 (full 0):
 garbage-first heap   total 260096K, used 227914K [0x0000000080000000, 0x0000000100000000)
  region size 1024K, 22 young (22528K), 3 survivors (3072K)
 Metaspace       used 144578K, capacity 149837K, committed 149960K, reserved 645120K
  class space    used 19139K, capacity 21110K, committed 21120K, reserved 516096K
}
Event: 2256.634 GC heap after
{Heap after GC invocations=53 (full 0):
 garbage-first heap   total 260096K, used 209364K [0x0000000080000000, 0x0000000100000000)
  region size 1024K, 1 young (1024K), 1 survivors (1024K)
 Metaspace       used 144578K, capacity 149837K, committed 149960K, reserved 645120K
  class space    used 19139K, capacity 21110K, committed 21120K, reserved 516096K
}
Event: 2256.885 GC heap before
{Heap before GC invocations=53 (full 0):
 garbage-first heap   total 260096K, used 227796K [0x0000000080000000, 0x0000000100000000)
  region size 1024K, 19 young (19456K), 1 survivors (1024K)
 Metaspace       used 145562K, capacity 150871K, committed 150984K, reserved 647168K
  class space    used 19279K, capacity 21281K, committed 21376K, reserved 516096K
}
Event: 2256.888 GC heap after
{Heap after GC invocations=54 (full 0):
 garbage-first heap   total 260096K, used 211249K [0x0000000080000000, 0x0000000100000000)
  region size 1024K, 3 young (3072K), 3 survivors (3072K)
 Metaspace       used 145562K, capacity 150871K, committed 150984K, reserved 647168K
  class space    used 19279K, capacity 21281K, committed 21376K, reserved 516096K
}
Event: 2257.268 GC heap before
{Heap before GC invocations=54 (full 0):
 garbage-first heap   total 260096K, used 226609K [0x0000000080000000, 0x0000000100000000)
  region size 1024K, 19 young (19456K), 3 survivors (3072K)
 Metaspace       used 145585K, capacity 150887K, committed 150984K, reserved 647168K
  class space    used 19281K, capacity 21284K, committed 21376K, reserved 516096K
}
Event: 2257.273 GC heap after
{Heap after GC invocations=55 (full 0):
 garbage-first heap   total 260096K, used 212943K [0x0000000080000000, 0x0000000100000000)
  region size 1024K, 2 young (2048K), 2 survivors (2048K)
 Metaspace       used 145585K, capacity 150887K, committed 150984K, reserved 647168K
  class space    used 19281K, capacity 21284K, committed 21376K, reserved 516096K
}
Event: 2257.422 GC heap before
{Heap before GC invocations=55 (full 0):
 garbage-first heap   total 260096K, used 228303K [0x0000000080000000, 0x0000000100000000)
  region size 1024K, 17 young (17408K), 2 survivors (2048K)
 Metaspace       used 146022K, capacity 151427K, committed 151624K, reserved 647168K
  class space    used 19357K, capacity 21408K, committed 21504K, reserved 516096K
}
Event: 2257.425 GC heap after
{Heap after GC invocations=56 (full 0):
 garbage-first heap   total 260096K, used 215476K [0x0000000080000000, 0x0000000100000000)
  region size 1024K, 3 young (3072K), 3 survivors (3072K)
 Metaspace       used 146022K, capacity 151427K, committed 151624K, reserved 647168K
  class space    used 19357K, capacity 21408K, committed 21504K, reserved 516096K
}

