# JRE version: Java(TM) SE Runtime Environment 18.9 (11.0.14+8) (build 11.0.14+8-LTS-263)
# Java VM: Java HotSpot(TM) 64-Bit Server VM 18.9 (11.0.14+8-LTS-263, mixed mode, tiered, compressed oops, g1 gc, windows-amd64)
Heap:
 garbage-first heap   total 563200K, used 394546K [0x0000000080000000, 0x0000000100000000)
  region size 1024K, 10 young (10240K), 2 survivors (2048K)
 Metaspace       used 122654K, capacity 126836K, committed 127044K, reserved 626688K
  class space    used 15981K, capacity 17617K, committed 17740K, reserved 516096K
GC Heap History (10 events):
Event: 96.662 GC heap before
{Heap before GC invocations=47 (full 0):
 garbage-first heap   total 445440K, used 422686K [0x0000000080000000, 0x0000000100000000)
  region size 1024K, 4 young (4096K), 3 survivors (3072K)
 Metaspace       used 120796K, capacity 124849K, committed 125252K, reserved 624640K
  class space    used 15760K, capacity 17347K, committed 17484K, reserved 516096K
}
Event: 96.663 GC heap after
{Heap after GC invocations=48 (full 0):
 garbage-first heap   total 445440K, used 421585K [0x0000000080000000, 0x0000000100000000)
  region size 1024K, 1 young (1024K), 1 survivors (1024K)
 Metaspace       used 120796K, capacity 124849K, committed 125252K, reserved 624640K
  class space    used 15760K, capacity 17347K, committed 17484K, reserved 516096K
}
Event: 96.755 GC heap before
{Heap before GC invocations=48 (full 0):
 garbage-first heap   total 471040K, used 468689K [0x0000000080000000, 0x0000000100000000)
  region size 1024K, 7 young (7168K), 1 survivors (1024K)
 Metaspace       used 120797K, capacity 124849K, committed 125252K, reserved 624640K
  class space    used 15760K, capacity 17347K, committed 17484K, reserved 516096K
}
Event: 96.757 GC heap after
{Heap after GC invocations=49 (full 0):
 garbage-first heap   total 474112K, used 458643K [0x0000000080000000, 0x0000000100000000)
  region size 1024K, 3 young (3072K), 3 survivors (3072K)
 Metaspace       used 120797K, capacity 124849K, committed 125252K, reserved 624640K
  class space    used 15760K, capacity 17347K, committed 17484K, reserved 516096K
}
Event: 98.640 GC heap before
{Heap before GC invocations=50 (full 0):
 garbage-first heap   total 491520K, used 450451K [0x0000000080000000, 0x0000000100000000)
  region size 1024K, 23 young (23552K), 3 survivors (3072K)
 Metaspace       used 120946K, capacity 125062K, committed 125252K, reserved 624640K
  class space    used 15769K, capacity 17351K, committed 17484K, reserved 516096K
}
Event: 98.642 GC heap after
{Heap after GC invocations=51 (full 0):
 garbage-first heap   total 491520K, used 419262K [0x0000000080000000, 0x0000000100000000)
  region size 1024K, 3 young (3072K), 3 survivors (3072K)
 Metaspace       used 120946K, capacity 125062K, committed 125252K, reserved 624640K
  class space    used 15769K, capacity 17351K, committed 17484K, reserved 516096K
}
Event: 98.721 GC heap before
{Heap before GC invocations=51 (full 0):
 garbage-first heap   total 491520K, used 423358K [0x0000000080000000, 0x0000000100000000)
  region size 1024K, 9 young (9216K), 3 survivors (3072K)
 Metaspace       used 121188K, capacity 125298K, committed 125508K, reserved 624640K
  class space    used 15803K, capacity 17386K, committed 17484K, reserved 516096K
}
Event: 98.724 GC heap after
{Heap after GC invocations=52 (full 0):
 garbage-first heap   total 491520K, used 419794K [0x0000000080000000, 0x0000000100000000)
  region size 1024K, 1 young (1024K), 1 survivors (1024K)
 Metaspace       used 121188K, capacity 125298K, committed 125508K, reserved 624640K
  class space    used 15803K, capacity 17386K, committed 17484K, reserved 516096K
}
Event: 403.225 GC heap before
{Heap before GC invocations=53 (full 0):
 garbage-first heap   total 563200K, used 528338K [0x0000000080000000, 0x0000000100000000)
  region size 1024K, 27 young (27648K), 1 survivors (1024K)
 Metaspace       used 122407K, capacity 126581K, committed 126660K, reserved 626688K
  class space    used 15946K, capacity 17557K, committed 17612K, reserved 516096K
}
Event: 403.228 GC heap after
{Heap after GC invocations=54 (full 0):
 garbage-first heap   total 563200K, used 387378K [0x0000000080000000, 0x0000000100000000)
  region size 1024K, 2 young (2048K), 2 survivors (2048K)
 Metaspace       used 122407K, capacity 126581K, committed 126660K, reserved 626688K
  class space    used 15946K, capacity 17557K, committed 17612K, reserved 516096K
}

