# JRE version: Java(TM) SE Runtime Environment 18.9 (11.0.14+8) (build 11.0.14+8-LTS-263)
# Java VM: Java HotSpot(TM) 64-Bit Server VM 18.9 (11.0.14+8-LTS-263, mixed mode, tiered, compressed oops, g1 gc, windows-amd64)
Heap:
 garbage-first heap   total 260096K, used 93894K [0x0000000700000000, 0x0000000800000000)
  region size 1024K, 44 young (45056K), 19 survivors (19456K)
 Metaspace       used 80829K, capacity 83108K, committed 83400K, reserved 1114112K
  class space    used 10586K, capacity 11549K, committed 11648K, reserved 1040384K
GC Heap History (10 events):
Event: 8.332 GC heap before
{Heap before GC invocations=6 (full 0):
 garbage-first heap   total 260096K, used 133996K [0x0000000700000000, 0x0000000800000000)
  region size 1024K, 111 young (113664K), 6 survivors (6144K)
 Metaspace       used 42289K, capacity 43424K, committed 43720K, reserved 1079296K
  class space    used 5444K, capacity 5924K, committed 6016K, reserved 1040384K
}
Event: 8.344 GC heap after
{Heap after GC invocations=7 (full 0):
 garbage-first heap   total 260096K, used 31671K [0x0000000700000000, 0x0000000800000000)
  region size 1024K, 14 young (14336K), 14 survivors (14336K)
 Metaspace       used 42289K, capacity 43424K, committed 43720K, reserved 1079296K
  class space    used 5444K, capacity 5924K, committed 6016K, reserved 1040384K
}
Event: 9.762 GC heap before
{Heap before GC invocations=7 (full 0):
 garbage-first heap   total 260096K, used 163767K [0x0000000700000000, 0x0000000800000000)
  region size 1024K, 137 young (140288K), 14 survivors (14336K)
 Metaspace       used 51555K, capacity 53090K, committed 53320K, reserved 1087488K
  class space    used 6749K, capacity 7405K, committed 7424K, reserved 1040384K
}
Event: 9.782 GC heap after
{Heap after GC invocations=8 (full 0):
 garbage-first heap   total 260096K, used 43690K [0x0000000700000000, 0x0000000800000000)
  region size 1024K, 15 young (15360K), 15 survivors (15360K)
 Metaspace       used 51555K, capacity 53090K, committed 53320K, reserved 1087488K
  class space    used 6749K, capacity 7405K, committed 7424K, reserved 1040384K
}
Event: 10.682 GC heap before
{Heap before GC invocations=8 (full 0):
 garbage-first heap   total 260096K, used 107178K [0x0000000700000000, 0x0000000800000000)
  region size 1024K, 78 young (79872K), 15 survivors (15360K)
 Metaspace       used 58224K, capacity 59868K, committed 59976K, reserved 1093632K
  class space    used 7693K, capacity 8391K, committed 8448K, reserved 1040384K
}
Event: 10.694 GC heap after
{Heap after GC invocations=9 (full 0):
 garbage-first heap   total 260096K, used 46654K [0x0000000700000000, 0x0000000800000000)
  region size 1024K, 10 young (10240K), 10 survivors (10240K)
 Metaspace       used 58224K, capacity 59868K, committed 59976K, reserved 1093632K
  class space    used 7693K, capacity 8391K, committed 8448K, reserved 1040384K
}
Event: 12.338 GC heap before
{Heap before GC invocations=10 (full 0):
 garbage-first heap   total 260096K, used 192062K [0x0000000700000000, 0x0000000800000000)
  region size 1024K, 152 young (155648K), 10 survivors (10240K)
 Metaspace       used 67576K, capacity 69652K, committed 69832K, reserved 1101824K
  class space    used 8965K, capacity 9811K, committed 9856K, reserved 1040384K
}
Event: 12.352 GC heap after
{Heap after GC invocations=11 (full 0):
 garbage-first heap   total 260096K, used 53822K [0x0000000700000000, 0x0000000800000000)
  region size 1024K, 17 young (17408K), 17 survivors (17408K)
 Metaspace       used 67576K, capacity 69652K, committed 69832K, reserved 1101824K
  class space    used 8965K, capacity 9811K, committed 9856K, reserved 1040384K
}
Event: 14.403 GC heap before
{Heap before GC invocations=11 (full 0):
 garbage-first heap   total 260096K, used 201278K [0x0000000700000000, 0x0000000800000000)
  region size 1024K, 152 young (155648K), 17 survivors (17408K)
 Metaspace       used 78750K, capacity 81061K, committed 81352K, reserved 1112064K
  class space    used 10336K, capacity 11317K, committed 11392K, reserved 1040384K
}
Event: 14.419 GC heap after
{Heap after GC invocations=12 (full 0):
 garbage-first heap   total 260096K, used 69318K [0x0000000700000000, 0x0000000800000000)
  region size 1024K, 19 young (19456K), 19 survivors (19456K)
 Metaspace       used 78750K, capacity 81061K, committed 81352K, reserved 1112064K
  class space    used 10336K, capacity 11317K, committed 11392K, reserved 1040384K
}

